[start, -1]
[number, -1]
[const, 0]
[,, -1]
[const, 1]
[,, -1]
[const, 2]
[:=, -1]
[const, 3]
[,, -1]
[const, 4]
[:=, -1]
[const, 5]
[;, -1]
[read, -1]
[(, -1]
[const, 0]
[), -1]
[;, -1]
[const, 2]
[:=, -1]
[const, 0]
[div, -1]
[const, 6]
[;, -1]
[for, -1]
[(, -1]
[const, 1]
[:=, -1]
[const, 6]
[;, -1]
[const, 1]
[<=, -1]
[const, 2]
[;, -1]
[const, 1]
[:=, -1]
[const, 1]
[+, -1]
[const, 3]
[), -1]
[if, -1]
[(, -1]
[const, 0]
[mod, -1]
[const, 1]
[==, -1]
[const, 5]
[), -1]
[then, -1]
[{, -1]
[write, -1]
[(, -1]
[const, 7]
[), -1]
[;, -1]
[const, 8]
[const, 4]
[:=, -1]
[const, 3]
[;, -1]
[break, -1]
[;, -1]
[}, -1]
[if, -1]
[(, -1]
[const, 8]
[const, 4]
[==, -1]
[const, 5]
[), -1]
[then, -1]
[write, -1]
[(, -1]
[const, 9]
[), -1]
[;, -1]
[done, -1]
